This is pdfTeX, Version 3.141592653-2.6-1.40.22 (TeX Live 2021) (preloaded format=pdflatex 2023.2.23)  14 MAR 2023 02:28
entering extended mode
 restricted \write18 enabled.
 %&-line parsing enabled.
**\nonstopmode\input 03Alternativas.tex
(./03Alternativas.tex

! LaTeX Error: Missing \begin{document}.

See the LaTeX manual or LaTeX Companion for explanation.
Type  H <return>  for immediate help.
 ...                                              
                                                  
l.2 \begin{frame}[
                  plain]
You're in trouble here.  Try typing  <return>  to proceed.
If that doesn't work, type  X <return>  to quit.

Missing character: There is no [ in font nullfont!
Missing character: There is no p in font nullfont!
Missing character: There is no l in font nullfont!
Missing character: There is no a in font nullfont!
Missing character: There is no i in font nullfont!
Missing character: There is no n in font nullfont!
Missing character: There is no ] in font nullfont!
Missing character: There is no A in font nullfont!
Missing character: There is no l in font nullfont!
Missing character: There is no g in font nullfont!
Missing character: There is no u in font nullfont!
Missing character: There is no n in font nullfont!
Missing character: There is no a in font nullfont!
Missing character: There is no s in font nullfont!
Missing character: There is no a in font nullfont!
Missing character: There is no l in font nullfont!
Missing character: There is no t in font nullfont!
Missing character: There is no e in font nullfont!
Missing character: There is no r in font nullfont!
Missing character: There is no n in font nullfont!
Missing character: There is no a in font nullfont!
Missing character: There is no t in font nullfont!
Missing character: There is no i in font nullfont!
Missing character: There is no v in font nullfont!
Missing character: There is no a in font nullfont!
Missing character: There is no s in font nullfont!
Missing character: There is no p in font nullfont!
Missing character: There is no a in font nullfont!
Missing character: There is no r in font nullfont!
Missing character: There is no a in font nullfont!
Missing character: There is no a in font nullfont!
Missing character: There is no g in font nullfont!
Missing character: There is no r in font nullfont!
Missing character: There is no u in font nullfont!
Missing character: There is no p in font nullfont!
Missing character: There is no a in font nullfont!
Missing character: There is no r in font nullfont!
Missing character: There is no s in font nullfont!
Missing character: There is no o in font nullfont!
Missing character: There is no n in font nullfont!
Missing character: There is no : in font nullfont!

Overfull \hbox (20.0pt too wide) in paragraph at lines 2--4
[][]
 []

Missing character: There is no . in font nullfont!

Overfull \hbox (30.0915pt too wide) in paragraph at lines 5--6
\OT1/cmr/bx/n/10 Redes
 []


Overfull \hbox (21.88184pt too wide) in paragraph at lines 5--6
\OT1/cmr/bx/n/10 neu-
 []


Overfull \hbox (35.46646pt too wide) in paragraph at lines 5--6
\OT1/cmr/bx/n/10 ronales 
 []

LaTeX Font Info:    External font `cmex10' loaded for size
(Font)              <7> on input line 6.
LaTeX Font Info:    External font `cmex10' loaded for size
(Font)              <5> on input line 6.
Missing character: There is no . in font nullfont!

Overfull \hbox (9.90273pt too wide) in paragraph at lines 6--7
\OT1/cmr/bx/n/10 k-
 []


Overfull \hbox (31.36925pt too wide) in paragraph at lines 6--7
\OT1/cmr/bx/n/10 means
 []


Overfull \hbox (7.7778pt too wide) in paragraph at lines 6--7
\OT1/cmr/m/n/10 +$
 []


Overfull \hbox (15.72214pt too wide) in paragraph at lines 6--7
\OT1/cmr/bx/n/10 Al-
 []


Overfull \hbox (15.33325pt too wide) in paragraph at lines 6--7
\OT1/cmr/bx/n/10 go-
 []


Overfull \hbox (16.23604pt too wide) in paragraph at lines 6--7
\OT1/cmr/bx/n/10 rit-
 []


Overfull \hbox (19.86932pt too wide) in paragraph at lines 6--7
\OT1/cmr/bx/n/10 mos
 []


Overfull \hbox (45.7442pt too wide) in paragraph at lines 6--7
\OT1/cmr/bx/n/10 gen^^Seticos 
 []

Missing character: There is no . in font nullfont!

Overfull \hbox (51.8775pt too wide) in paragraph at lines 7--8
\OT1/cmr/bx/n/10 Muestreos
 []


Overfull \hbox (33.70117pt too wide) in paragraph at lines 7--8
\OT1/cmr/bx/n/10 aleato-
 []


Overfull \hbox (18.4166pt too wide) in paragraph at lines 7--8
\OT1/cmr/bx/n/10 rior 
 []

)
! Emergency stop.
<*> \nonstopmode\input 03Alternativas.tex
                                         
*** (job aborted, no legal \end found)

 
Here is how much of TeX's memory you used:
 25 strings out of 478862
 496 string characters out of 5858945
 287481 words of memory out of 6000000
 17759 multiletter control sequences out of 15000+600000
 403738 words of font info for 28 fonts, out of 8000000 for 9000
 1137 hyphenation exceptions out of 8191
 20i,3n,13p,130b,170s stack positions out of 5000i,500n,10000p,200000b,80000s
!  ==> Fatal error occurred, no output PDF file produced!
